SF:lib/src/app_journey.dart
DA:9,1
LF:1
LH:1
end_of_record
SF:lib/src/carousel_options.dart
DA:48,1
LF:1
LH:1
end_of_record
SF:lib/src/custom_carousel_app_journey.dart
DA:11,1
DA:23,1
DA:25,1
DA:32,1
DA:41,1
DA:45,1
DA:47,1
DA:48,3
DA:49,1
DA:50,4
DA:52,1
DA:55,1
DA:56,1
DA:57,1
DA:59,1
DA:60,1
DA:61,3
DA:63,1
DA:64,1
DA:66,3
DA:67,1
DA:70,1
DA:74,1
DA:75,2
DA:77,1
DA:78,1
DA:79,5
DA:81,3
DA:83,1
DA:84,4
DA:85,1
DA:86,5
DA:88,1
DA:89,1
DA:91,3
DA:92,3
DA:96,1
DA:97,4
DA:98,1
DA:99,5
DA:104,1
DA:105,1
DA:107,3
DA:109,3
DA:119,1
DA:121,5
DA:122,1
DA:123,1
DA:124,0
DA:125,0
DA:126,0
DA:129,1
DA:136,1
DA:138,3
DA:139,3
DA:140,1
DA:145,1
DA:147,5
DA:148,1
DA:151,1
DA:152,4
DA:153,1
DA:154,1
DA:156,1
DA:162,1
DA:164,1
DA:169,0
DA:170,0
DA:171,0
DA:179,0
DA:180,0
DA:190,5
DA:196,1
DA:198,1
DA:201,3
DA:202,3
DA:203,2
DA:204,1
DA:205,0
DA:206,0
DA:207,0
DA:208,0
DA:209,0
DA:216,6
DA:217,3
DA:218,3
DA:219,2
DA:220,3
DA:221,0
DA:222,0
DA:223,0
DA:224,0
DA:225,0
DA:228,0
LF:94
LH:75
end_of_record
SF:lib/src/custom_widgets.dart
DA:11,1
DA:20,1
DA:22,1
DA:24,1
DA:40,0
DA:46,0
DA:48,0
DA:60,1
DA:66,1
DA:67,1
DA:74,0
DA:86,0
DA:87,0
DA:88,0
DA:92,0
DA:93,0
DA:94,0
DA:97,0
DA:98,0
DA:99,0
DA:100,0
LF:21
LH:7
end_of_record
